<?xml version="1.0" encoding="UTF-8"?>
<!-- Generated by org.testng.reporters.JUnitReportReporter -->
<testsuite hostname="LTIN146446" failures="0" tests="2" name="testCase.TC_002_LanguageLearning" time="13.931" errors="0" timestamp="2024-03-09T11:35:26 IST" skipped="0">
  <testcase classname="testCase.TC_002_LanguageLearning" name="SearchLL" time="10.546"/>
  <testcase classname="testCase.TC_002_LanguageLearning" name="LanguageDetails" time="3.385"/>
</testsuite> <!-- testCase.TC_002_LanguageLearning -->
