<?xml version="1.0" encoding="UTF-8"?>
<!-- Generated by org.testng.reporters.JUnitReportReporter -->
<testsuite hostname="LTIN146446" failures="0" tests="9" name="testCase.NewTest" time="108.019" errors="0" timestamp="2024-02-27T11:43:12 IST" skipped="0">
  <testcase classname="testCase.NewTest" name="search" time="34.121"/>
  <testcase classname="testCase.NewTest" name="scroll" time="0.047"/>
  <testcase classname="testCase.NewTest" name="clickFliter" time="0.471"/>
  <testcase classname="testCase.NewTest" name="FirstCourseTitle" time="2.006"/>
  <testcase classname="testCase.NewTest" name="FirstCourse" time="0.042"/>
  <testcase classname="testCase.NewTest" name="FirstCourseinfo" time="36.322"/>
  <testcase classname="testCase.NewTest" name="SecondCourse" time="0.119"/>
  <testcase classname="testCase.NewTest" name="CourseTitle" time="0.037"/>
  <testcase classname="testCase.NewTest" name="SecondCourseinfo" time="34.854"/>
</testsuite> <!-- testCase.NewTest -->
