<?xml version="1.0" encoding="UTF-8"?>
<!-- Generated by org.testng.reporters.JUnitReportReporter -->
<testsuite hostname="LTIN146446" failures="0" tests="7" name="testCase.TC_003_Enterprise" time="18.528" errors="0" timestamp="2024-03-09T11:35:26 IST" skipped="0">
  <testcase classname="testCase.TC_003_Enterprise" name="clickEnterprises" time="6.349"/>
  <testcase classname="testCase.TC_003_Enterprise" name="clickOffer" time="4.344"/>
  <testcase classname="testCase.TC_003_Enterprise" name="fillForm" time="0.390"/>
  <testcase classname="testCase.TC_003_Enterprise" name="clickCourse" time="4.257"/>
  <testcase classname="testCase.TC_003_Enterprise" name="fillForm1" time="0.926"/>
  <testcase classname="testCase.TC_003_Enterprise" name="fillForm2" time="1.951"/>
  <testcase classname="testCase.TC_003_Enterprise" name="fillForm3" time="0.311"/>
</testsuite> <!-- testCase.TC_003_Enterprise -->
