<?xml version="1.0" encoding="UTF-8"?>
<!-- Generated by org.testng.reporters.JUnitReportReporter -->
<testsuite hostname="LTIN146446" failures="0" tests="4" name="testCase.TC_001_WebDevelopment" time="19.267" errors="0" timestamp="2024-03-09T11:35:26 IST" skipped="0">
  <testcase classname="testCase.TC_001_WebDevelopment" name="searchWD" time="6.879"/>
  <testcase classname="testCase.TC_001_WebDevelopment" name="WebDevelopmentFunctions" time="0.543"/>
  <testcase classname="testCase.TC_001_WebDevelopment" name="WDFirstCousreInfo" time="6.427"/>
  <testcase classname="testCase.TC_001_WebDevelopment" name="WDSecondCousreInfo" time="5.418"/>
</testsuite> <!-- testCase.TC_001_WebDevelopment -->
