<?xml version="1.0" encoding="UTF-8"?>
<!-- Generated by org.testng.reporters.JUnitReportReporter -->
<testsuite hostname="LTIN146446" failures="0" tests="7" name="testCase.TC_003_Enterprise" time="15.501" errors="0" timestamp="2024-03-09T15:54:35 IST" skipped="0">
  <testcase classname="testCase.TC_003_Enterprise" name="clickEnterprises" time="5.960"/>
  <testcase classname="testCase.TC_003_Enterprise" name="clickOffer" time="3.615"/>
  <testcase classname="testCase.TC_003_Enterprise" name="clickCourse" time="3.733"/>
  <testcase classname="testCase.TC_003_Enterprise" name="fillForm" time="0.264"/>
  <testcase classname="testCase.TC_003_Enterprise" name="fillForm1" time="0.549"/>
  <testcase classname="testCase.TC_003_Enterprise" name="fillForm2" time="1.114"/>
  <testcase classname="testCase.TC_003_Enterprise" name="fillForm3" time="0.266"/>
</testsuite> <!-- testCase.TC_003_Enterprise -->
