<?xml version="1.0" encoding="UTF-8"?>
<!-- Generated by org.testng.reporters.JUnitReportReporter -->
<testsuite hostname="LTIN146446" failures="0" tests="4" name="testCase.TC_001_WebDevelopment" time="16.813" errors="0" timestamp="2024-03-09T15:54:35 IST" skipped="0">
  <testcase classname="testCase.TC_001_WebDevelopment" name="searchWD" time="5.173"/>
  <testcase classname="testCase.TC_001_WebDevelopment" name="WebDevelopmentFunctions" time="0.374"/>
  <testcase classname="testCase.TC_001_WebDevelopment" name="WDFirstCousreInfo" time="6.705"/>
  <testcase classname="testCase.TC_001_WebDevelopment" name="WDSecondCousreInfo" time="4.561"/>
</testsuite> <!-- testCase.TC_001_WebDevelopment -->
